Success (15):
group 25 _e-0000e21d-e05a-8000-7d4f-011e94011e94_61 "EAP All Users"
group 26 _e-0000e255-ca76-8000-23f0-011e94011e94_56 "testGrp"
content 6759 _a-0000e21d-e06a-8000-7d53-01ef9001ef90_48676 "Environmental Activity Permits"
content 6760 _a-0000e21d-e06a-8000-7d53-01ef9001ef90_48681 "EAP_getUsername"
content 6761 _a-0000e255-ca76-8000-23f0-01ef9001ef90_31523 "trialInterface"
content 6762 _a-0000e255-ca76-8000-23f0-01ef9001ef90_31545 "Interface2"
content 6776 _a-0000e255-ca76-8000-23f0-01ef9001ef90_33392 "EAP_getAddressDetails"
content 6764 _a-0000e268-07ce-8000-23f0-01ef9001ef90_31015 "EAP_uiSectionCustomerInfo"
content 6924 _a-0000e255-ca76-8000-23f0-01ef9001ef90_40957 "EAP_ETst1"
content 6925 _a-0000e255-ca76-8000-23f0-01ef9001ef90_40963 "EAP_TEst2"
content 6923 _a-0000e255-ca76-8000-23f0-01ef9001ef90_42152 "EAP_NewInterface"
processModelFolder 9 _g-0000e255-ca76-8000-23f0-014d98014d98_22 "EAP PM"
processModel 647 0002e287-8d74-8000-23f0-014d98014d98 "EAP_Test"
application 6674 _a-0000e21d-e06a-8000-7d53-01ef9001ef90_48669 "Environmental Activity Permits"
site 7 76485dcd-ab19-4e15-a3e5-a04001b12bd1 "Customer"

Referenced precedents that were not exported (1):
user kiranj kiranj

Trace:
2019-06-21 04:11:58.808 DEBUG application 6674 _a-0000e21d-e06a-8000-7d53-01ef9001ef90_48669 Begin transport.
2019-06-21 04:11:58.808 DEBUG application 6674 _a-0000e21d-e06a-8000-7d53-01ef9001ef90_48669 Retrieving object data.
2019-06-21 04:11:58.814 DEBUG application 6674 _a-0000e21d-e06a-8000-7d53-01ef9001ef90_48669 App associated objects: [group=[_e-0000e21d-e05a-8000-7d4f-011e94011e94_61, _e-0000e255-ca76-8000-23f0-011e94011e94_56],content=[_a-0000e21d-e06a-8000-7d53-01ef9001ef90_48676, _a-0000e21d-e06a-8000-7d53-01ef9001ef90_48681, _a-0000e255-ca76-8000-23f0-01ef9001ef90_31523, _a-0000e255-ca76-8000-23f0-01ef9001ef90_31545, _a-0000e255-ca76-8000-23f0-01ef9001ef90_33392, _a-0000e268-07ce-8000-23f0-01ef9001ef90_31015, _a-0000e255-ca76-8000-23f0-01ef9001ef90_40957, _a-0000e255-ca76-8000-23f0-01ef9001ef90_40963, _a-0000e255-ca76-8000-23f0-01ef9001ef90_41370, _a-0000e255-ca76-8000-23f0-01ef9001ef90_41376, _a-0000e255-ca76-8000-23f0-01ef9001ef90_41382, _a-0000e255-ca76-8000-23f0-01ef9001ef90_41422, _a-0000e255-ca76-8000-23f0-01ef9001ef90_42152],processModelFolder=[_g-0000e255-ca76-8000-23f0-014d98014d98_22],processModel=[0002e287-8d74-8000-23f0-014d98014d98],site=[76485dcd-ab19-4e15-a3e5-a04001b12bd1]]
2019-06-21 04:11:58.823 DEBUG application 6674 _a-0000e21d-e06a-8000-7d53-01ef9001ef90_48669 Invalid associated objects: [content=[_a-0000e255-ca76-8000-23f0-01ef9001ef90_41370, _a-0000e255-ca76-8000-23f0-01ef9001ef90_41376, _a-0000e255-ca76-8000-23f0-01ef9001ef90_41382, _a-0000e255-ca76-8000-23f0-01ef9001ef90_41422]]
2019-06-21 04:11:58.823 DEBUG application 6674 _a-0000e21d-e06a-8000-7d53-01ef9001ef90_48669 Adding valid associated objects to be exported: GlobalBindingMap[group={_e-0000e21d-e05a-8000-7d4f-011e94011e94_61=25, _e-0000e255-ca76-8000-23f0-011e94011e94_56=26},content={_a-0000e21d-e06a-8000-7d53-01ef9001ef90_48676=6759, _a-0000e21d-e06a-8000-7d53-01ef9001ef90_48681=6760, _a-0000e255-ca76-8000-23f0-01ef9001ef90_31523=6761, _a-0000e255-ca76-8000-23f0-01ef9001ef90_31545=6762, _a-0000e255-ca76-8000-23f0-01ef9001ef90_33392=6776, _a-0000e268-07ce-8000-23f0-01ef9001ef90_31015=6764, _a-0000e255-ca76-8000-23f0-01ef9001ef90_40957=6924, _a-0000e255-ca76-8000-23f0-01ef9001ef90_40963=6925, _a-0000e255-ca76-8000-23f0-01ef9001ef90_42152=6923},processModelFolder={_g-0000e255-ca76-8000-23f0-014d98014d98_22=9},processModel={0002e287-8d74-8000-23f0-014d98014d98=647},site={76485dcd-ab19-4e15-a3e5-a04001b12bd1=7}]
2019-06-21 04:11:58.823 DEBUG application 6674 _a-0000e21d-e06a-8000-7d53-01ef9001ef90_48669 Setting uuids of object references.
2019-06-21 04:11:58.825 DEBUG application 6674 _a-0000e21d-e06a-8000-7d53-01ef9001ef90_48669 Processing reference: Application.forum
2019-06-21 04:11:58.826 DEBUG application 6674 _a-0000e21d-e06a-8000-7d53-01ef9001ef90_48669 Processing reference: Application.parent
2019-06-21 04:11:58.831 DEBUG application 6674 _a-0000e21d-e06a-8000-7d53-01ef9001ef90_48669 Processing reference: com.appiancorp.suiteapi.content.ContentRoleMap@6a04ede2[
  ContentRole[name=readers,inherit=false,allowForAll=false]
  ContentRole[name=authors,inherit=false,allowForAll=false]
  ContentRole[name=administrators,usernames=[kiranj],groupIds=[25],inherit=false,allowForAll=false]
  ContentRole[name=denyReaders,inherit=false,allowForAll=false]
  ContentRole[name=denyAuthors,inherit=false,allowForAll=false]
  ContentRole[name=denyAdministrators,inherit=false,allowForAll=false]
  securityVector=129:SEC_PUBLIC=true,SEC_CREATOR_ADMIN=true,SEC_INH_ADMIN=false,SEC_INH_EDITOR=false,SEC_INH_VIEWER=false,SEC_ALL_ADMIN=false,SEC_ALL_EDITOR=false,SEC_ALL_VIEWER=false
]
2019-06-21 04:11:58.831 DEBUG application 6674 _a-0000e21d-e06a-8000-7d53-01ef9001ef90_48669 Processing reference: ContentRole[name=readers,inherit=false,allowForAll=false]
2019-06-21 04:11:58.831 DEBUG application 6674 _a-0000e21d-e06a-8000-7d53-01ef9001ef90_48669 Processing reference: ContentRole[name=authors,inherit=false,allowForAll=false]
2019-06-21 04:11:58.831 DEBUG application 6674 _a-0000e21d-e06a-8000-7d53-01ef9001ef90_48669 Processing reference: ContentRole[name=administrators,usernames=[kiranj],groupIds=[25],inherit=false,allowForAll=false]
2019-06-21 04:11:58.834 DEBUG group 25 _e-0000e21d-e05a-8000-7d4f-011e94011e94_61 Begin transport.
2019-06-21 04:11:58.834 DEBUG group 25 _e-0000e21d-e05a-8000-7d4f-011e94011e94_61 Retrieving object data.
2019-06-21 04:11:58.841 DEBUG group 25 _e-0000e21d-e05a-8000-7d4f-011e94011e94_61 Setting uuids of object references.
2019-06-21 04:11:58.842 DEBUG group 25 _e-0000e21d-e05a-8000-7d4f-011e94011e94_61 Processing reference: Role[name=<null>]
2019-06-21 04:11:58.842 DEBUG group 25 _e-0000e21d-e05a-8000-7d4f-011e94011e94_61 Processing reference: Group.groupTypeId
2019-06-21 04:11:58.845 DEBUG group 25 _e-0000e21d-e05a-8000-7d4f-011e94011e94_61 Processing reference: Group.parentId
2019-06-21 04:11:58.845 DEBUG group 25 _e-0000e21d-e05a-8000-7d4f-011e94011e94_61 Processing reference: Group.homePageId
2019-06-21 04:11:58.846 DEBUG group 25 _e-0000e21d-e05a-8000-7d4f-011e94011e94_61 Processing reference: Role[name=<null>]
2019-06-21 04:11:58.846 DEBUG group 25 _e-0000e21d-e05a-8000-7d4f-011e94011e94_61 Completing produce.
2019-06-21 04:11:58.846 DEBUG group 25 _e-0000e21d-e05a-8000-7d4f-011e94011e94_61 Exporting binary resources.
2019-06-21 04:11:58.846 DEBUG group 25 _e-0000e21d-e05a-8000-7d4f-011e94011e94_61 Serializing object to XML.
2019-06-21 04:11:58.846 DEBUG group 25 _e-0000e21d-e05a-8000-7d4f-011e94011e94_61 Object transported.
2019-06-21 04:11:58.847 DEBUG application 6674 _a-0000e21d-e06a-8000-7d53-01ef9001ef90_48669 Processing reference: ContentRole[name=denyReaders,inherit=false,allowForAll=false]
2019-06-21 04:11:58.847 DEBUG application 6674 _a-0000e21d-e06a-8000-7d53-01ef9001ef90_48669 Processing reference: ContentRole[name=denyAuthors,inherit=false,allowForAll=false]
2019-06-21 04:11:58.847 DEBUG application 6674 _a-0000e21d-e06a-8000-7d53-01ef9001ef90_48669 Processing reference: ContentRole[name=denyAdministrators,inherit=false,allowForAll=false]
2019-06-21 04:11:58.848 DEBUG group 26 _e-0000e255-ca76-8000-23f0-011e94011e94_56 Begin transport.
2019-06-21 04:11:58.848 DEBUG group 26 _e-0000e255-ca76-8000-23f0-011e94011e94_56 Retrieving object data.
2019-06-21 04:11:58.854 DEBUG group 26 _e-0000e255-ca76-8000-23f0-011e94011e94_56 Setting uuids of object references.
2019-06-21 04:11:58.854 DEBUG group 26 _e-0000e255-ca76-8000-23f0-011e94011e94_56 Processing reference: Role[name=<null>]
2019-06-21 04:11:58.854 DEBUG group 26 _e-0000e255-ca76-8000-23f0-011e94011e94_56 Processing reference: Group.groupTypeId
2019-06-21 04:11:58.856 DEBUG group 26 _e-0000e255-ca76-8000-23f0-011e94011e94_56 Processing reference: Group.parentId
2019-06-21 04:11:58.856 DEBUG group 26 _e-0000e255-ca76-8000-23f0-011e94011e94_56 Processing reference: Group.homePageId
2019-06-21 04:11:58.856 DEBUG group 26 _e-0000e255-ca76-8000-23f0-011e94011e94_56 Processing reference: Role[name=<null>]
2019-06-21 04:11:58.856 DEBUG group 26 _e-0000e255-ca76-8000-23f0-011e94011e94_56 Completing produce.
2019-06-21 04:11:58.856 DEBUG group 26 _e-0000e255-ca76-8000-23f0-011e94011e94_56 Exporting binary resources.
2019-06-21 04:11:58.856 DEBUG group 26 _e-0000e255-ca76-8000-23f0-011e94011e94_56 Serializing object to XML.
2019-06-21 04:11:58.856 DEBUG group 26 _e-0000e255-ca76-8000-23f0-011e94011e94_56 Object transported.
2019-06-21 04:11:58.859 DEBUG content 6759 _a-0000e21d-e06a-8000-7d53-01ef9001ef90_48676 Begin transport.
2019-06-21 04:11:58.859 DEBUG content 6759 _a-0000e21d-e06a-8000-7d53-01ef9001ef90_48676 Retrieving object data.
2019-06-21 04:11:58.868 DEBUG content 6759 _a-0000e21d-e06a-8000-7d53-01ef9001ef90_48676 Setting uuids of object references.
2019-06-21 04:11:58.868 DEBUG content 6759 _a-0000e21d-e06a-8000-7d53-01ef9001ef90_48676 Processing reference: RulesFolder.forum
2019-06-21 04:11:58.869 DEBUG content 6759 _a-0000e21d-e06a-8000-7d53-01ef9001ef90_48676 Processing reference: RulesFolder.parent
2019-06-21 04:11:58.872 DEBUG content 6759 _a-0000e21d-e06a-8000-7d53-01ef9001ef90_48676 Processing reference: com.appiancorp.suiteapi.content.ContentRoleMap@435b431d[
  ContentRole[name=readers,inherit=false,allowForAll=false]
  ContentRole[name=authors,inherit=false,allowForAll=false]
  ContentRole[name=administrators,groupIds=[25],inherit=false,allowForAll=false]
  ContentRole[name=denyReaders,inherit=false,allowForAll=false]
  ContentRole[name=denyAuthors,inherit=false,allowForAll=false]
  ContentRole[name=denyAdministrators,inherit=false,allowForAll=false]
  securityVector=1:SEC_PUBLIC=true,SEC_CREATOR_ADMIN=false,SEC_INH_ADMIN=false,SEC_INH_EDITOR=false,SEC_INH_VIEWER=false,SEC_ALL_ADMIN=false,SEC_ALL_EDITOR=false,SEC_ALL_VIEWER=false
]
2019-06-21 04:11:58.872 DEBUG content 6759 _a-0000e21d-e06a-8000-7d53-01ef9001ef90_48676 Processing reference: ContentRole[name=readers,inherit=false,allowForAll=false]
2019-06-21 04:11:58.872 DEBUG content 6759 _a-0000e21d-e06a-8000-7d53-01ef9001ef90_48676 Processing reference: ContentRole[name=authors,inherit=false,allowForAll=false]
2019-06-21 04:11:58.872 DEBUG content 6759 _a-0000e21d-e06a-8000-7d53-01ef9001ef90_48676 Processing reference: ContentRole[name=administrators,groupIds=[25],inherit=false,allowForAll=false]
2019-06-21 04:11:58.874 DEBUG content 6759 _a-0000e21d-e06a-8000-7d53-01ef9001ef90_48676 Processing reference: ContentRole[name=denyReaders,inherit=false,allowForAll=false]
2019-06-21 04:11:58.874 DEBUG content 6759 _a-0000e21d-e06a-8000-7d53-01ef9001ef90_48676 Processing reference: ContentRole[name=denyAuthors,inherit=false,allowForAll=false]
2019-06-21 04:11:58.874 DEBUG content 6759 _a-0000e21d-e06a-8000-7d53-01ef9001ef90_48676 Processing reference: ContentRole[name=denyAdministrators,inherit=false,allowForAll=false]
2019-06-21 04:11:58.874 DEBUG content 6759 _a-0000e21d-e06a-8000-7d53-01ef9001ef90_48676 Completing produce.
2019-06-21 04:11:58.874 DEBUG content 6759 _a-0000e21d-e06a-8000-7d53-01ef9001ef90_48676 Exporting binary resources.
2019-06-21 04:11:58.874 DEBUG content 6759 _a-0000e21d-e06a-8000-7d53-01ef9001ef90_48676 Serializing object to XML.
2019-06-21 04:11:58.874 DEBUG content 6759 _a-0000e21d-e06a-8000-7d53-01ef9001ef90_48676 Object transported.
2019-06-21 04:11:58.874 DEBUG content 6760 _a-0000e21d-e06a-8000-7d53-01ef9001ef90_48681 Begin transport.
2019-06-21 04:11:58.874 DEBUG content 6760 _a-0000e21d-e06a-8000-7d53-01ef9001ef90_48681 Retrieving object data.
2019-06-21 04:11:58.889 DEBUG content 6760 _a-0000e21d-e06a-8000-7d53-01ef9001ef90_48681 Setting uuids of object references.
2019-06-21 04:11:58.889 DEBUG content 6760 _a-0000e21d-e06a-8000-7d53-01ef9001ef90_48681 Processing reference: [Content:id=6760,versionId=-1,name=EAP_getUsername,type=32,subtype=1,uuid=_a-0000e21d-e06a-8000-7d53-01ef9001ef90_48681,parent=6759]
2019-06-21 04:11:58.89 DEBUG content 6760 _a-0000e21d-e06a-8000-7d53-01ef9001ef90_48681 Processing reference: FreeformRule.forum
2019-06-21 04:11:58.891 DEBUG content 6760 _a-0000e21d-e06a-8000-7d53-01ef9001ef90_48681 Processing reference: FreeformRule.parent
2019-06-21 04:11:58.895 DEBUG content 6760 _a-0000e21d-e06a-8000-7d53-01ef9001ef90_48681 Processing reference: com.appiancorp.suiteapi.content.ContentRoleMap@17ec6c0e[
  ContentRole[name=readers,inherit=true,allowForAll=false]
  ContentRole[name=authors,inherit=true,allowForAll=false]
  ContentRole[name=administrators,inherit=true,allowForAll=false]
  ContentRole[name=denyReaders,inherit=false,allowForAll=false]
  ContentRole[name=denyAuthors,inherit=false,allowForAll=false]
  ContentRole[name=denyAdministrators,inherit=false,allowForAll=false]
  securityVector=15:SEC_PUBLIC=true,SEC_CREATOR_ADMIN=false,SEC_INH_ADMIN=true,SEC_INH_EDITOR=true,SEC_INH_VIEWER=true,SEC_ALL_ADMIN=false,SEC_ALL_EDITOR=false,SEC_ALL_VIEWER=false
]
2019-06-21 04:11:58.895 DEBUG content 6760 _a-0000e21d-e06a-8000-7d53-01ef9001ef90_48681 Processing reference: ContentRole[name=readers,inherit=true,allowForAll=false]
2019-06-21 04:11:58.895 DEBUG content 6760 _a-0000e21d-e06a-8000-7d53-01ef9001ef90_48681 Processing reference: ContentRole[name=authors,inherit=true,allowForAll=false]
2019-06-21 04:11:58.895 DEBUG content 6760 _a-0000e21d-e06a-8000-7d53-01ef9001ef90_48681 Processing reference: ContentRole[name=administrators,inherit=true,allowForAll=false]
2019-06-21 04:11:58.895 DEBUG content 6760 _a-0000e21d-e06a-8000-7d53-01ef9001ef90_48681 Processing reference: ContentRole[name=denyReaders,inherit=false,allowForAll=false]
2019-06-21 04:11:58.895 DEBUG content 6760 _a-0000e21d-e06a-8000-7d53-01ef9001ef90_48681 Processing reference: ContentRole[name=denyAuthors,inherit=false,allowForAll=false]
2019-06-21 04:11:58.895 DEBUG content 6760 _a-0000e21d-e06a-8000-7d53-01ef9001ef90_48681 Processing reference: ContentRole[name=denyAdministrators,inherit=false,allowForAll=false]
2019-06-21 04:11:58.896 DEBUG content 6760 _a-0000e21d-e06a-8000-7d53-01ef9001ef90_48681 Completing produce.
2019-06-21 04:11:58.896 DEBUG content 6760 _a-0000e21d-e06a-8000-7d53-01ef9001ef90_48681 Exporting binary resources.
2019-06-21 04:11:58.896 DEBUG content 6760 _a-0000e21d-e06a-8000-7d53-01ef9001ef90_48681 Serializing object to XML.
2019-06-21 04:11:58.9 DEBUG content 6760 _a-0000e21d-e06a-8000-7d53-01ef9001ef90_48681 Object transported.
2019-06-21 04:11:58.9 DEBUG content 6761 _a-0000e255-ca76-8000-23f0-01ef9001ef90_31523 Begin transport.
2019-06-21 04:11:58.9 DEBUG content 6761 _a-0000e255-ca76-8000-23f0-01ef9001ef90_31523 Retrieving object data.
2019-06-21 04:11:58.91 DEBUG content 6761 _a-0000e255-ca76-8000-23f0-01ef9001ef90_31523 Setting uuids of object references.
2019-06-21 04:11:58.91 DEBUG content 6761 _a-0000e255-ca76-8000-23f0-01ef9001ef90_31523 Processing reference: [Content:id=6761,versionId=-1,name=trialInterface,type=32,subtype=6,uuid=_a-0000e255-ca76-8000-23f0-01ef9001ef90_31523,parent=6759]
2019-06-21 04:11:58.913 DEBUG content 6761 _a-0000e255-ca76-8000-23f0-01ef9001ef90_31523 Processing reference: Interface.forum
2019-06-21 04:11:58.914 DEBUG content 6761 _a-0000e255-ca76-8000-23f0-01ef9001ef90_31523 Processing reference: Interface.parent
2019-06-21 04:11:58.919 DEBUG content 6761 _a-0000e255-ca76-8000-23f0-01ef9001ef90_31523 Processing reference: com.appiancorp.suiteapi.content.ContentRoleMap@7b1cfd82[
  ContentRole[name=readers,inherit=true,allowForAll=false]
  ContentRole[name=authors,inherit=true,allowForAll=false]
  ContentRole[name=administrators,inherit=true,allowForAll=false]
  ContentRole[name=denyReaders,inherit=false,allowForAll=false]
  ContentRole[name=denyAuthors,inherit=false,allowForAll=false]
  ContentRole[name=denyAdministrators,inherit=false,allowForAll=false]
  securityVector=15:SEC_PUBLIC=true,SEC_CREATOR_ADMIN=false,SEC_INH_ADMIN=true,SEC_INH_EDITOR=true,SEC_INH_VIEWER=true,SEC_ALL_ADMIN=false,SEC_ALL_EDITOR=false,SEC_ALL_VIEWER=false
]
2019-06-21 04:11:58.919 DEBUG content 6761 _a-0000e255-ca76-8000-23f0-01ef9001ef90_31523 Processing reference: ContentRole[name=readers,inherit=true,allowForAll=false]
2019-06-21 04:11:58.919 DEBUG content 6761 _a-0000e255-ca76-8000-23f0-01ef9001ef90_31523 Processing reference: ContentRole[name=authors,inherit=true,allowForAll=false]
2019-06-21 04:11:58.919 DEBUG content 6761 _a-0000e255-ca76-8000-23f0-01ef9001ef90_31523 Processing reference: ContentRole[name=administrators,inherit=true,allowForAll=false]
2019-06-21 04:11:58.919 DEBUG content 6761 _a-0000e255-ca76-8000-23f0-01ef9001ef90_31523 Processing reference: ContentRole[name=denyReaders,inherit=false,allowForAll=false]
2019-06-21 04:11:58.919 DEBUG content 6761 _a-0000e255-ca76-8000-23f0-01ef9001ef90_31523 Processing reference: ContentRole[name=denyAuthors,inherit=false,allowForAll=false]
2019-06-21 04:11:58.919 DEBUG content 6761 _a-0000e255-ca76-8000-23f0-01ef9001ef90_31523 Processing reference: ContentRole[name=denyAdministrators,inherit=false,allowForAll=false]
2019-06-21 04:11:58.919 DEBUG content 6761 _a-0000e255-ca76-8000-23f0-01ef9001ef90_31523 Completing produce.
2019-06-21 04:11:58.919 DEBUG content 6761 _a-0000e255-ca76-8000-23f0-01ef9001ef90_31523 Exporting binary resources.
2019-06-21 04:11:58.919 DEBUG content 6761 _a-0000e255-ca76-8000-23f0-01ef9001ef90_31523 Serializing object to XML.
2019-06-21 04:11:58.92 DEBUG content 6761 _a-0000e255-ca76-8000-23f0-01ef9001ef90_31523 Object transported.
2019-06-21 04:11:58.92 DEBUG content 6762 _a-0000e255-ca76-8000-23f0-01ef9001ef90_31545 Begin transport.
2019-06-21 04:11:58.92 DEBUG content 6762 _a-0000e255-ca76-8000-23f0-01ef9001ef90_31545 Retrieving object data.
2019-06-21 04:11:58.929 DEBUG content 6762 _a-0000e255-ca76-8000-23f0-01ef9001ef90_31545 Setting uuids of object references.
2019-06-21 04:11:58.929 DEBUG content 6762 _a-0000e255-ca76-8000-23f0-01ef9001ef90_31545 Processing reference: [Content:id=6762,versionId=-1,name=Interface2,type=32,subtype=6,uuid=_a-0000e255-ca76-8000-23f0-01ef9001ef90_31545,parent=6759]
2019-06-21 04:11:58.93 DEBUG content 6762 _a-0000e255-ca76-8000-23f0-01ef9001ef90_31545 Processing reference: Interface.forum
2019-06-21 04:11:58.931 DEBUG content 6762 _a-0000e255-ca76-8000-23f0-01ef9001ef90_31545 Processing reference: TypedVariable[name=cancel,it=26,v=<null>]
2019-06-21 04:11:58.932 DEBUG content 6762 _a-0000e255-ca76-8000-23f0-01ef9001ef90_31545 Processing reference: Interface.parent
2019-06-21 04:11:58.936 DEBUG content 6762 _a-0000e255-ca76-8000-23f0-01ef9001ef90_31545 Processing reference: com.appiancorp.suiteapi.content.ContentRoleMap@687d9a39[
  ContentRole[name=readers,inherit=true,allowForAll=false]
  ContentRole[name=authors,inherit=true,allowForAll=false]
  ContentRole[name=administrators,inherit=true,allowForAll=false]
  ContentRole[name=denyReaders,inherit=false,allowForAll=false]
  ContentRole[name=denyAuthors,inherit=false,allowForAll=false]
  ContentRole[name=denyAdministrators,inherit=false,allowForAll=false]
  securityVector=15:SEC_PUBLIC=true,SEC_CREATOR_ADMIN=false,SEC_INH_ADMIN=true,SEC_INH_EDITOR=true,SEC_INH_VIEWER=true,SEC_ALL_ADMIN=false,SEC_ALL_EDITOR=false,SEC_ALL_VIEWER=false
]
2019-06-21 04:11:58.936 DEBUG content 6762 _a-0000e255-ca76-8000-23f0-01ef9001ef90_31545 Processing reference: ContentRole[name=readers,inherit=true,allowForAll=false]
2019-06-21 04:11:58.936 DEBUG content 6762 _a-0000e255-ca76-8000-23f0-01ef9001ef90_31545 Processing reference: ContentRole[name=authors,inherit=true,allowForAll=false]
2019-06-21 04:11:58.936 DEBUG content 6762 _a-0000e255-ca76-8000-23f0-01ef9001ef90_31545 Processing reference: ContentRole[name=administrators,inherit=true,allowForAll=false]
2019-06-21 04:11:58.936 DEBUG content 6762 _a-0000e255-ca76-8000-23f0-01ef9001ef90_31545 Processing reference: ContentRole[name=denyReaders,inherit=false,allowForAll=false]
2019-06-21 04:11:58.936 DEBUG content 6762 _a-0000e255-ca76-8000-23f0-01ef9001ef90_31545 Processing reference: ContentRole[name=denyAuthors,inherit=false,allowForAll=false]
2019-06-21 04:11:58.936 DEBUG content 6762 _a-0000e255-ca76-8000-23f0-01ef9001ef90_31545 Processing reference: ContentRole[name=denyAdministrators,inherit=false,allowForAll=false]
2019-06-21 04:11:58.936 DEBUG content 6762 _a-0000e255-ca76-8000-23f0-01ef9001ef90_31545 Completing produce.
2019-06-21 04:11:58.936 DEBUG content 6762 _a-0000e255-ca76-8000-23f0-01ef9001ef90_31545 Exporting binary resources.
2019-06-21 04:11:58.936 DEBUG content 6762 _a-0000e255-ca76-8000-23f0-01ef9001ef90_31545 Serializing object to XML.
2019-06-21 04:11:58.94 DEBUG content 6762 _a-0000e255-ca76-8000-23f0-01ef9001ef90_31545 Object transported.
2019-06-21 04:11:58.94 DEBUG content 6776 _a-0000e255-ca76-8000-23f0-01ef9001ef90_33392 Begin transport.
2019-06-21 04:11:58.94 DEBUG content 6776 _a-0000e255-ca76-8000-23f0-01ef9001ef90_33392 Retrieving object data.
2019-06-21 04:11:58.949 DEBUG content 6776 _a-0000e255-ca76-8000-23f0-01ef9001ef90_33392 Setting uuids of object references.
2019-06-21 04:11:58.949 DEBUG content 6776 _a-0000e255-ca76-8000-23f0-01ef9001ef90_33392 Processing reference: [Content:id=6763,versionId=-1,name=EAP_getAddressDetails,type=32,subtype=0,uuid=_a-0000e255-ca76-8000-23f0-01ef9001ef90_33392,parent=6759]
2019-06-21 04:11:58.949 DEBUG content 6776 _a-0000e255-ca76-8000-23f0-01ef9001ef90_33392 Processing reference: Constant.forum
2019-06-21 04:11:58.95 DEBUG content 6776 _a-0000e255-ca76-8000-23f0-01ef9001ef90_33392 Processing reference: Constant.parent
2019-06-21 04:11:58.953 DEBUG content 6776 _a-0000e255-ca76-8000-23f0-01ef9001ef90_33392 Processing reference: com.appiancorp.suiteapi.content.ContentRoleMap@b9f2e53[
  ContentRole[name=readers,inherit=true,allowForAll=false]
  ContentRole[name=authors,inherit=true,allowForAll=false]
  ContentRole[name=administrators,inherit=true,allowForAll=false]
  ContentRole[name=denyReaders,inherit=false,allowForAll=false]
  ContentRole[name=denyAuthors,inherit=false,allowForAll=false]
  ContentRole[name=denyAdministrators,inherit=false,allowForAll=false]
  securityVector=15:SEC_PUBLIC=true,SEC_CREATOR_ADMIN=false,SEC_INH_ADMIN=true,SEC_INH_EDITOR=true,SEC_INH_VIEWER=true,SEC_ALL_ADMIN=false,SEC_ALL_EDITOR=false,SEC_ALL_VIEWER=false
]
2019-06-21 04:11:58.953 DEBUG content 6776 _a-0000e255-ca76-8000-23f0-01ef9001ef90_33392 Processing reference: ContentRole[name=readers,inherit=true,allowForAll=false]
2019-06-21 04:11:58.953 DEBUG content 6776 _a-0000e255-ca76-8000-23f0-01ef9001ef90_33392 Processing reference: ContentRole[name=authors,inherit=true,allowForAll=false]
2019-06-21 04:11:58.953 DEBUG content 6776 _a-0000e255-ca76-8000-23f0-01ef9001ef90_33392 Processing reference: ContentRole[name=administrators,inherit=true,allowForAll=false]
2019-06-21 04:11:58.953 DEBUG content 6776 _a-0000e255-ca76-8000-23f0-01ef9001ef90_33392 Processing reference: ContentRole[name=denyReaders,inherit=false,allowForAll=false]
2019-06-21 04:11:58.953 DEBUG content 6776 _a-0000e255-ca76-8000-23f0-01ef9001ef90_33392 Processing reference: ContentRole[name=denyAuthors,inherit=false,allowForAll=false]
2019-06-21 04:11:58.953 DEBUG content 6776 _a-0000e255-ca76-8000-23f0-01ef9001ef90_33392 Processing reference: ContentRole[name=denyAdministrators,inherit=false,allowForAll=false]
2019-06-21 04:11:58.953 DEBUG content 6776 _a-0000e255-ca76-8000-23f0-01ef9001ef90_33392 Completing produce.
2019-06-21 04:11:58.953 DEBUG content 6776 _a-0000e255-ca76-8000-23f0-01ef9001ef90_33392 Exporting binary resources.
2019-06-21 04:11:58.953 DEBUG content 6776 _a-0000e255-ca76-8000-23f0-01ef9001ef90_33392 Serializing object to XML.
2019-06-21 04:11:58.956 DEBUG content 6776 _a-0000e255-ca76-8000-23f0-01ef9001ef90_33392 Object transported.
2019-06-21 04:11:58.956 DEBUG content 6764 _a-0000e268-07ce-8000-23f0-01ef9001ef90_31015 Begin transport.
2019-06-21 04:11:58.956 DEBUG content 6764 _a-0000e268-07ce-8000-23f0-01ef9001ef90_31015 Retrieving object data.
2019-06-21 04:11:58.966 DEBUG content 6764 _a-0000e268-07ce-8000-23f0-01ef9001ef90_31015 Setting uuids of object references.
2019-06-21 04:11:58.966 DEBUG content 6764 _a-0000e268-07ce-8000-23f0-01ef9001ef90_31015 Processing reference: [Content:id=6764,versionId=-1,name=EAP_uiSectionCustomerInfo,type=32,subtype=6,uuid=_a-0000e268-07ce-8000-23f0-01ef9001ef90_31015,parent=6759]
2019-06-21 04:11:58.967 DEBUG content 6764 _a-0000e268-07ce-8000-23f0-01ef9001ef90_31015 Processing reference: Interface.forum
2019-06-21 04:11:58.967 DEBUG content 6764 _a-0000e268-07ce-8000-23f0-01ef9001ef90_31015 Processing reference: Interface.parent
2019-06-21 04:11:58.97 DEBUG content 6764 _a-0000e268-07ce-8000-23f0-01ef9001ef90_31015 Processing reference: com.appiancorp.suiteapi.content.ContentRoleMap@67bfcdec[
  ContentRole[name=readers,inherit=true,allowForAll=false]
  ContentRole[name=authors,inherit=true,allowForAll=false]
  ContentRole[name=administrators,inherit=true,allowForAll=false]
  ContentRole[name=denyReaders,inherit=false,allowForAll=false]
  ContentRole[name=denyAuthors,inherit=false,allowForAll=false]
  ContentRole[name=denyAdministrators,inherit=false,allowForAll=false]
  securityVector=15:SEC_PUBLIC=true,SEC_CREATOR_ADMIN=false,SEC_INH_ADMIN=true,SEC_INH_EDITOR=true,SEC_INH_VIEWER=true,SEC_ALL_ADMIN=false,SEC_ALL_EDITOR=false,SEC_ALL_VIEWER=false
]
2019-06-21 04:11:58.97 DEBUG content 6764 _a-0000e268-07ce-8000-23f0-01ef9001ef90_31015 Processing reference: ContentRole[name=readers,inherit=true,allowForAll=false]
2019-06-21 04:11:58.97 DEBUG content 6764 _a-0000e268-07ce-8000-23f0-01ef9001ef90_31015 Processing reference: ContentRole[name=authors,inherit=true,allowForAll=false]
2019-06-21 04:11:58.97 DEBUG content 6764 _a-0000e268-07ce-8000-23f0-01ef9001ef90_31015 Processing reference: ContentRole[name=administrators,inherit=true,allowForAll=false]
2019-06-21 04:11:58.97 DEBUG content 6764 _a-0000e268-07ce-8000-23f0-01ef9001ef90_31015 Processing reference: ContentRole[name=denyReaders,inherit=false,allowForAll=false]
2019-06-21 04:11:58.97 DEBUG content 6764 _a-0000e268-07ce-8000-23f0-01ef9001ef90_31015 Processing reference: ContentRole[name=denyAuthors,inherit=false,allowForAll=false]
2019-06-21 04:11:58.97 DEBUG content 6764 _a-0000e268-07ce-8000-23f0-01ef9001ef90_31015 Processing reference: ContentRole[name=denyAdministrators,inherit=false,allowForAll=false]
2019-06-21 04:11:58.97 DEBUG content 6764 _a-0000e268-07ce-8000-23f0-01ef9001ef90_31015 Completing produce.
2019-06-21 04:11:58.97 DEBUG content 6764 _a-0000e268-07ce-8000-23f0-01ef9001ef90_31015 Exporting binary resources.
2019-06-21 04:11:58.97 DEBUG content 6764 _a-0000e268-07ce-8000-23f0-01ef9001ef90_31015 Serializing object to XML.
2019-06-21 04:11:58.971 DEBUG content 6764 _a-0000e268-07ce-8000-23f0-01ef9001ef90_31015 Object transported.
2019-06-21 04:11:58.971 DEBUG content 6924 _a-0000e255-ca76-8000-23f0-01ef9001ef90_40957 Begin transport.
2019-06-21 04:11:58.971 DEBUG content 6924 _a-0000e255-ca76-8000-23f0-01ef9001ef90_40957 Retrieving object data.
2019-06-21 04:11:58.979 DEBUG content 6924 _a-0000e255-ca76-8000-23f0-01ef9001ef90_40957 Setting uuids of object references.
2019-06-21 04:11:58.979 DEBUG content 6924 _a-0000e255-ca76-8000-23f0-01ef9001ef90_40957 Processing reference: [Content:id=6774,versionId=-1,name=EAP_ETst1,type=32,subtype=0,uuid=_a-0000e255-ca76-8000-23f0-01ef9001ef90_40957,parent=6759]
2019-06-21 04:11:58.979 DEBUG content 6924 _a-0000e255-ca76-8000-23f0-01ef9001ef90_40957 Processing reference: Constant.forum
2019-06-21 04:11:58.98 DEBUG content 6924 _a-0000e255-ca76-8000-23f0-01ef9001ef90_40957 Processing reference: Constant.parent
2019-06-21 04:11:58.983 DEBUG content 6924 _a-0000e255-ca76-8000-23f0-01ef9001ef90_40957 Processing reference: com.appiancorp.suiteapi.content.ContentRoleMap@1b267255[
  ContentRole[name=readers,inherit=true,allowForAll=false]
  ContentRole[name=authors,inherit=true,allowForAll=false]
  ContentRole[name=administrators,inherit=true,allowForAll=false]
  ContentRole[name=denyReaders,inherit=false,allowForAll=false]
  ContentRole[name=denyAuthors,inherit=false,allowForAll=false]
  ContentRole[name=denyAdministrators,inherit=false,allowForAll=false]
  securityVector=15:SEC_PUBLIC=true,SEC_CREATOR_ADMIN=false,SEC_INH_ADMIN=true,SEC_INH_EDITOR=true,SEC_INH_VIEWER=true,SEC_ALL_ADMIN=false,SEC_ALL_EDITOR=false,SEC_ALL_VIEWER=false
]
2019-06-21 04:11:58.983 DEBUG content 6924 _a-0000e255-ca76-8000-23f0-01ef9001ef90_40957 Processing reference: ContentRole[name=readers,inherit=true,allowForAll=false]
2019-06-21 04:11:58.983 DEBUG content 6924 _a-0000e255-ca76-8000-23f0-01ef9001ef90_40957 Processing reference: ContentRole[name=authors,inherit=true,allowForAll=false]
2019-06-21 04:11:58.983 DEBUG content 6924 _a-0000e255-ca76-8000-23f0-01ef9001ef90_40957 Processing reference: ContentRole[name=administrators,inherit=true,allowForAll=false]
2019-06-21 04:11:58.983 DEBUG content 6924 _a-0000e255-ca76-8000-23f0-01ef9001ef90_40957 Processing reference: ContentRole[name=denyReaders,inherit=false,allowForAll=false]
2019-06-21 04:11:58.983 DEBUG content 6924 _a-0000e255-ca76-8000-23f0-01ef9001ef90_40957 Processing reference: ContentRole[name=denyAuthors,inherit=false,allowForAll=false]
2019-06-21 04:11:58.983 DEBUG content 6924 _a-0000e255-ca76-8000-23f0-01ef9001ef90_40957 Processing reference: ContentRole[name=denyAdministrators,inherit=false,allowForAll=false]
2019-06-21 04:11:58.983 DEBUG content 6924 _a-0000e255-ca76-8000-23f0-01ef9001ef90_40957 Registering export properties.
2019-06-21 04:11:58.983 DEBUG content 6924 _a-0000e255-ca76-8000-23f0-01ef9001ef90_40957 Completing produce.
2019-06-21 04:11:58.983 DEBUG content 6924 _a-0000e255-ca76-8000-23f0-01ef9001ef90_40957 Exporting binary resources.
2019-06-21 04:11:58.983 DEBUG content 6924 _a-0000e255-ca76-8000-23f0-01ef9001ef90_40957 Serializing object to XML.
2019-06-21 04:11:58.986 DEBUG content 6924 _a-0000e255-ca76-8000-23f0-01ef9001ef90_40957 Object transported.
2019-06-21 04:11:58.986 DEBUG content 6925 _a-0000e255-ca76-8000-23f0-01ef9001ef90_40963 Begin transport.
2019-06-21 04:11:58.986 DEBUG content 6925 _a-0000e255-ca76-8000-23f0-01ef9001ef90_40963 Retrieving object data.
2019-06-21 04:11:58.994 DEBUG content 6925 _a-0000e255-ca76-8000-23f0-01ef9001ef90_40963 Setting uuids of object references.
2019-06-21 04:11:58.994 DEBUG content 6925 _a-0000e255-ca76-8000-23f0-01ef9001ef90_40963 Processing reference: [Content:id=6775,versionId=-1,name=EAP_TEst2,type=32,subtype=0,uuid=_a-0000e255-ca76-8000-23f0-01ef9001ef90_40963,parent=6759]
2019-06-21 04:11:58.994 DEBUG content 6925 _a-0000e255-ca76-8000-23f0-01ef9001ef90_40963 Processing reference: Constant.forum
2019-06-21 04:11:58.995 DEBUG content 6925 _a-0000e255-ca76-8000-23f0-01ef9001ef90_40963 Processing reference: Constant.parent
2019-06-21 04:11:58.998 DEBUG content 6925 _a-0000e255-ca76-8000-23f0-01ef9001ef90_40963 Processing reference: com.appiancorp.suiteapi.content.ContentRoleMap@351560ed[
  ContentRole[name=readers,inherit=true,allowForAll=false]
  ContentRole[name=authors,inherit=true,allowForAll=false]
  ContentRole[name=administrators,inherit=true,allowForAll=false]
  ContentRole[name=denyReaders,inherit=false,allowForAll=false]
  ContentRole[name=denyAuthors,inherit=false,allowForAll=false]
  ContentRole[name=denyAdministrators,inherit=false,allowForAll=false]
  securityVector=15:SEC_PUBLIC=true,SEC_CREATOR_ADMIN=false,SEC_INH_ADMIN=true,SEC_INH_EDITOR=true,SEC_INH_VIEWER=true,SEC_ALL_ADMIN=false,SEC_ALL_EDITOR=false,SEC_ALL_VIEWER=false
]
2019-06-21 04:11:58.998 DEBUG content 6925 _a-0000e255-ca76-8000-23f0-01ef9001ef90_40963 Processing reference: ContentRole[name=readers,inherit=true,allowForAll=false]
2019-06-21 04:11:58.998 DEBUG content 6925 _a-0000e255-ca76-8000-23f0-01ef9001ef90_40963 Processing reference: ContentRole[name=authors,inherit=true,allowForAll=false]
2019-06-21 04:11:58.998 DEBUG content 6925 _a-0000e255-ca76-8000-23f0-01ef9001ef90_40963 Processing reference: ContentRole[name=administrators,inherit=true,allowForAll=false]
2019-06-21 04:11:58.998 DEBUG content 6925 _a-0000e255-ca76-8000-23f0-01ef9001ef90_40963 Processing reference: ContentRole[name=denyReaders,inherit=false,allowForAll=false]
2019-06-21 04:11:58.998 DEBUG content 6925 _a-0000e255-ca76-8000-23f0-01ef9001ef90_40963 Processing reference: ContentRole[name=denyAuthors,inherit=false,allowForAll=false]
2019-06-21 04:11:58.998 DEBUG content 6925 _a-0000e255-ca76-8000-23f0-01ef9001ef90_40963 Processing reference: ContentRole[name=denyAdministrators,inherit=false,allowForAll=false]
2019-06-21 04:11:58.998 DEBUG content 6925 _a-0000e255-ca76-8000-23f0-01ef9001ef90_40963 Completing produce.
2019-06-21 04:11:58.998 DEBUG content 6925 _a-0000e255-ca76-8000-23f0-01ef9001ef90_40963 Exporting binary resources.
2019-06-21 04:11:58.998 DEBUG content 6925 _a-0000e255-ca76-8000-23f0-01ef9001ef90_40963 Serializing object to XML.
2019-06-21 04:11:59.001 DEBUG content 6925 _a-0000e255-ca76-8000-23f0-01ef9001ef90_40963 Object transported.
2019-06-21 04:11:59.001 DEBUG content 6923 _a-0000e255-ca76-8000-23f0-01ef9001ef90_42152 Begin transport.
2019-06-21 04:11:59.001 DEBUG content 6923 _a-0000e255-ca76-8000-23f0-01ef9001ef90_42152 Retrieving object data.
2019-06-21 04:11:59.01 DEBUG content 6923 _a-0000e255-ca76-8000-23f0-01ef9001ef90_42152 Setting uuids of object references.
2019-06-21 04:11:59.01 DEBUG content 6923 _a-0000e255-ca76-8000-23f0-01ef9001ef90_42152 Processing reference: [Content:id=6922,versionId=-1,name=EAP_NewInterface,type=32,subtype=6,uuid=_a-0000e255-ca76-8000-23f0-01ef9001ef90_42152,parent=6759]
2019-06-21 04:11:59.021 DEBUG content 6923 _a-0000e255-ca76-8000-23f0-01ef9001ef90_42152 Processing reference: Interface.forum
2019-06-21 04:11:59.021 DEBUG content 6923 _a-0000e255-ca76-8000-23f0-01ef9001ef90_42152 Processing reference: Interface.parent
2019-06-21 04:11:59.024 DEBUG content 6923 _a-0000e255-ca76-8000-23f0-01ef9001ef90_42152 Processing reference: com.appiancorp.suiteapi.content.ContentRoleMap@7b79aac0[
  ContentRole[name=readers,inherit=true,allowForAll=false]
  ContentRole[name=authors,inherit=true,allowForAll=false]
  ContentRole[name=administrators,inherit=true,allowForAll=false]
  ContentRole[name=denyReaders,inherit=false,allowForAll=false]
  ContentRole[name=denyAuthors,inherit=false,allowForAll=false]
  ContentRole[name=denyAdministrators,inherit=false,allowForAll=false]
  securityVector=15:SEC_PUBLIC=true,SEC_CREATOR_ADMIN=false,SEC_INH_ADMIN=true,SEC_INH_EDITOR=true,SEC_INH_VIEWER=true,SEC_ALL_ADMIN=false,SEC_ALL_EDITOR=false,SEC_ALL_VIEWER=false
]
2019-06-21 04:11:59.024 DEBUG content 6923 _a-0000e255-ca76-8000-23f0-01ef9001ef90_42152 Processing reference: ContentRole[name=readers,inherit=true,allowForAll=false]
2019-06-21 04:11:59.024 DEBUG content 6923 _a-0000e255-ca76-8000-23f0-01ef9001ef90_42152 Processing reference: ContentRole[name=authors,inherit=true,allowForAll=false]
2019-06-21 04:11:59.024 DEBUG content 6923 _a-0000e255-ca76-8000-23f0-01ef9001ef90_42152 Processing reference: ContentRole[name=administrators,inherit=true,allowForAll=false]
2019-06-21 04:11:59.024 DEBUG content 6923 _a-0000e255-ca76-8000-23f0-01ef9001ef90_42152 Processing reference: ContentRole[name=denyReaders,inherit=false,allowForAll=false]
2019-06-21 04:11:59.024 DEBUG content 6923 _a-0000e255-ca76-8000-23f0-01ef9001ef90_42152 Processing reference: ContentRole[name=denyAuthors,inherit=false,allowForAll=false]
2019-06-21 04:11:59.024 DEBUG content 6923 _a-0000e255-ca76-8000-23f0-01ef9001ef90_42152 Processing reference: ContentRole[name=denyAdministrators,inherit=false,allowForAll=false]
2019-06-21 04:11:59.025 DEBUG content 6923 _a-0000e255-ca76-8000-23f0-01ef9001ef90_42152 Completing produce.
2019-06-21 04:11:59.025 DEBUG content 6923 _a-0000e255-ca76-8000-23f0-01ef9001ef90_42152 Exporting binary resources.
2019-06-21 04:11:59.025 DEBUG content 6923 _a-0000e255-ca76-8000-23f0-01ef9001ef90_42152 Serializing object to XML.
2019-06-21 04:11:59.025 DEBUG content 6923 _a-0000e255-ca76-8000-23f0-01ef9001ef90_42152 Object transported.
2019-06-21 04:11:59.027 DEBUG processModelFolder 9 _g-0000e255-ca76-8000-23f0-014d98014d98_22 Begin transport.
2019-06-21 04:11:59.027 DEBUG processModelFolder 9 _g-0000e255-ca76-8000-23f0-014d98014d98_22 Retrieving object data.
2019-06-21 04:11:59.03 DEBUG processModelFolder 9 _g-0000e255-ca76-8000-23f0-014d98014d98_22 Setting uuids of object references.
2019-06-21 04:11:59.03 DEBUG processModelFolder 9 _g-0000e255-ca76-8000-23f0-014d98014d98_22 Processing reference: ProcessModelFolder.parentFolderId
2019-06-21 04:11:59.031 DEBUG processModelFolder 9 _g-0000e255-ca76-8000-23f0-014d98014d98_22 Processing reference: com.appiancorp.suiteapi.process.ProcessRoleMap@6291b83b[
  Role[name=ADMIN_OWNER]
  Role[name=EDITOR]
  Role[name=EXPLICIT_NONMEMBER]
  Role[name=VIEWER]
  Role[name=MANAGER]
  Role[name=INITIATOR]
]
2019-06-21 04:11:59.031 DEBUG processModelFolder 9 _g-0000e255-ca76-8000-23f0-014d98014d98_22 Processing reference: Role[name=ADMIN_OWNER]
2019-06-21 04:11:59.031 DEBUG processModelFolder 9 _g-0000e255-ca76-8000-23f0-014d98014d98_22 Processing reference: Role[name=EDITOR]
2019-06-21 04:11:59.031 DEBUG processModelFolder 9 _g-0000e255-ca76-8000-23f0-014d98014d98_22 Processing reference: Role[name=EXPLICIT_NONMEMBER]
2019-06-21 04:11:59.031 DEBUG processModelFolder 9 _g-0000e255-ca76-8000-23f0-014d98014d98_22 Processing reference: Role[name=VIEWER]
2019-06-21 04:11:59.031 DEBUG processModelFolder 9 _g-0000e255-ca76-8000-23f0-014d98014d98_22 Processing reference: Role[name=MANAGER]
2019-06-21 04:11:59.031 DEBUG processModelFolder 9 _g-0000e255-ca76-8000-23f0-014d98014d98_22 Processing reference: Role[name=INITIATOR]
2019-06-21 04:11:59.032 DEBUG processModelFolder 9 _g-0000e255-ca76-8000-23f0-014d98014d98_22 Completing produce.
2019-06-21 04:11:59.032 DEBUG processModelFolder 9 _g-0000e255-ca76-8000-23f0-014d98014d98_22 Exporting binary resources.
2019-06-21 04:11:59.032 DEBUG processModelFolder 9 _g-0000e255-ca76-8000-23f0-014d98014d98_22 Serializing object to XML.
2019-06-21 04:11:59.033 DEBUG processModelFolder 9 _g-0000e255-ca76-8000-23f0-014d98014d98_22 Object transported.
2019-06-21 04:11:59.034 DEBUG processModel 647 0002e287-8d74-8000-23f0-014d98014d98 Begin transport.
2019-06-21 04:11:59.034 DEBUG processModel 647 0002e287-8d74-8000-23f0-014d98014d98 Retrieving object data.
2019-06-21 04:11:59.113 DEBUG processModel 647 0002e287-8d74-8000-23f0-014d98014d98 Setting uuids of object references.
2019-06-21 04:11:59.114 DEBUG processModel 647 0002e287-8d74-8000-23f0-014d98014d98 Processing reference: ProcessModelHaul.folderId
2019-06-21 04:11:59.115 DEBUG processModel 647 0002e287-8d74-8000-23f0-014d98014d98 Processing reference: ProcessModelHaul.modelDashboardPageId
2019-06-21 04:11:59.115 DEBUG processModel 647 0002e287-8d74-8000-23f0-014d98014d98 Processing reference: ProcessModelHaul.processDashboardPageId
2019-06-21 04:11:59.116 DEBUG processModel 647 0002e287-8d74-8000-23f0-014d98014d98 Processing reference: ProcessModel.emailAttachmentFolderId
2019-06-21 04:11:59.118 DEBUG processModel 647 0002e287-8d74-8000-23f0-014d98014d98 Processing reference: ActivityClassParameter[name=pmID,it=23,v=<null>]
2019-06-21 04:11:59.119 DEBUG processModel 647 0002e287-8d74-8000-23f0-014d98014d98 Processing reference: ActivityClassParameter[name=inMap,it=111,v={}]
2019-06-21 04:11:59.119 DEBUG processModel 647 0002e287-8d74-8000-23f0-014d98014d98 Processing reference: ActivityClassParameter[name=procInheritsPriority,it=1,v=1]
2019-06-21 04:11:59.119 DEBUG processModel 647 0002e287-8d74-8000-23f0-014d98014d98 Processing reference: ActivityClassParameter[name=pmUUID,it=3,v=]
2019-06-21 04:11:59.119 DEBUG processModel 647 0002e287-8d74-8000-23f0-014d98014d98 Processing reference: ActivityClassParameter[name=isAsynchronous,it=26,v=1]
2019-06-21 04:11:59.119 DEBUG processModel 647 0002e287-8d74-8000-23f0-014d98014d98 Processing reference: ActivityClassParameter[name=isTransparent,it=26,v=1]
2019-06-21 04:11:59.119 DEBUG processModel 647 0002e287-8d74-8000-23f0-014d98014d98 Processing reference: ActivityClassParameter[name=inheritSecurity,it=26,v=0]
2019-06-21 04:11:59.119 DEBUG processModel 647 0002e287-8d74-8000-23f0-014d98014d98 Processing reference: com.appiancorp.suiteapi.process.ProcessRoleMap@49f59627[
  Role[name=ADMIN_OWNER]
  Role[name=EDITOR]
  Role[name=EXPLICIT_NONMEMBER]
  Role[name=VIEWER]
  Role[name=MANAGER]
  Role[name=INITIATOR]
]
2019-06-21 04:11:59.119 DEBUG processModel 647 0002e287-8d74-8000-23f0-014d98014d98 Processing reference: Role[name=ADMIN_OWNER]
2019-06-21 04:11:59.119 DEBUG processModel 647 0002e287-8d74-8000-23f0-014d98014d98 Processing reference: Role[name=EDITOR]
2019-06-21 04:11:59.119 DEBUG processModel 647 0002e287-8d74-8000-23f0-014d98014d98 Processing reference: Role[name=EXPLICIT_NONMEMBER]
2019-06-21 04:11:59.119 DEBUG processModel 647 0002e287-8d74-8000-23f0-014d98014d98 Processing reference: Role[name=VIEWER]
2019-06-21 04:11:59.119 DEBUG processModel 647 0002e287-8d74-8000-23f0-014d98014d98 Processing reference: Role[name=MANAGER]
2019-06-21 04:11:59.119 DEBUG processModel 647 0002e287-8d74-8000-23f0-014d98014d98 Processing reference: Role[name=INITIATOR]
2019-06-21 04:11:59.122 DEBUG processModel 647 0002e287-8d74-8000-23f0-014d98014d98 Completing produce.
2019-06-21 04:11:59.122 DEBUG processModel 647 0002e287-8d74-8000-23f0-014d98014d98 Exporting binary resources.
2019-06-21 04:11:59.122 DEBUG processModel 647 0002e287-8d74-8000-23f0-014d98014d98 Serializing object to XML.
2019-06-21 04:11:59.127 DEBUG processModel 647 0002e287-8d74-8000-23f0-014d98014d98 Object transported.
2019-06-21 04:11:59.128 DEBUG site 7 76485dcd-ab19-4e15-a3e5-a04001b12bd1 Begin transport.
2019-06-21 04:11:59.128 DEBUG site 7 76485dcd-ab19-4e15-a3e5-a04001b12bd1 Retrieving object data.
2019-06-21 04:11:59.135 DEBUG site 7 76485dcd-ab19-4e15-a3e5-a04001b12bd1 Setting uuids of object references.
2019-06-21 04:11:59.137 DEBUG site 7 76485dcd-ab19-4e15-a3e5-a04001b12bd1 Processing reference: SiteTemplate.accentColorExpr
2019-06-21 04:11:59.137 DEBUG site 7 76485dcd-ab19-4e15-a3e5-a04001b12bd1 Processing reference: SiteTemplate.faviconExpr
2019-06-21 04:11:59.138 DEBUG site 7 76485dcd-ab19-4e15-a3e5-a04001b12bd1 Processing reference: SiteTemplate.faviconRef
2019-06-21 04:11:59.138 DEBUG site 7 76485dcd-ab19-4e15-a3e5-a04001b12bd1 Processing reference: SiteTemplate.headerBackgroundColorExpr
2019-06-21 04:11:59.139 DEBUG site 7 76485dcd-ab19-4e15-a3e5-a04001b12bd1 Processing reference: SiteTemplate.logoExpr
2019-06-21 04:11:59.139 DEBUG site 7 76485dcd-ab19-4e15-a3e5-a04001b12bd1 Processing reference: SiteTemplate.logoRef
2019-06-21 04:11:59.141 DEBUG site 7 76485dcd-ab19-4e15-a3e5-a04001b12bd1 Processing reference: SitePage.uiObject
2019-06-21 04:11:59.145 DEBUG site 7 76485dcd-ab19-4e15-a3e5-a04001b12bd1 Processing reference: SitePage.visibilityExpr
2019-06-21 04:11:59.146 DEBUG site 7 76485dcd-ab19-4e15-a3e5-a04001b12bd1 Processing reference: SiteTemplate.selectedTabBackgroundColorExpr
2019-06-21 04:11:59.147 DEBUG site 7 76485dcd-ab19-4e15-a3e5-a04001b12bd1 Processing reference: SiteTemplate.tempoLinkViewerRefsFromUuids
2019-06-21 04:11:59.148 DEBUG site 7 76485dcd-ab19-4e15-a3e5-a04001b12bd1 Completing produce.
2019-06-21 04:11:59.148 DEBUG site 7 76485dcd-ab19-4e15-a3e5-a04001b12bd1 Exporting binary resources.
2019-06-21 04:11:59.148 DEBUG site 7 76485dcd-ab19-4e15-a3e5-a04001b12bd1 Serializing object to XML.
2019-06-21 04:11:59.154 DEBUG site 7 76485dcd-ab19-4e15-a3e5-a04001b12bd1 Object transported.
2019-06-21 04:11:59.154 DEBUG application 6674 _a-0000e21d-e06a-8000-7d53-01ef9001ef90_48669 Completing produce.
2019-06-21 04:11:59.154 DEBUG application 6674 _a-0000e21d-e06a-8000-7d53-01ef9001ef90_48669 Exporting binary resources.
2019-06-21 04:11:59.154 DEBUG application 6674 _a-0000e21d-e06a-8000-7d53-01ef9001ef90_48669 Serializing object to XML.
2019-06-21 04:11:59.155 DEBUG application 6674 _a-0000e21d-e06a-8000-7d53-01ef9001ef90_48669 Object transported.
